<?xml version="1.0" encoding="UTF-8"?>
<!-- Generated by org.testng.reporters.JUnitReportReporter -->
<testsuite skipped="0" hostname="LAPTOP-DKIAAQ84" name="practice.SearchProductByQtyInStockTest" tests="2" failures="0" timestamp="2022-01-19T10:33:54 IST" time="42.828" errors="0">
  <testcase name="productByQtyInStock" time="21.246" classname="practice.SearchProductByQtyInStockTest"/>
  <system-out/>
  <testcase name="productByQtyInStock" time="21.582" classname="practice.SearchProductByQtyInStockTest"/>
  <system-out/>
</testsuite> <!-- practice.SearchProductByQtyInStockTest -->
