<?xml version="1.0" encoding="UTF-8"?>
<!-- Generated by org.testng.reporters.JUnitReportReporter -->
<testsuite skipped="0" hostname="LAPTOP-DKIAAQ84" name="practice.CreateOrg" tests="3" failures="0" timestamp="2022-01-18T12:05:53 IST" time="0.009" errors="0">
  <testcase name="org" time="0.004" classname="practice.CreateOrg"/>
  <system-out/>
  <testcase name="contacts" time="0.003" classname="practice.CreateOrg"/>
  <system-out/>
  <testcase name="product" time="0.002" classname="practice.CreateOrg"/>
  <system-out/>
</testsuite> <!-- practice.CreateOrg -->
