<?xml version="1.0" encoding="UTF-8"?>
<!-- Generated by org.testng.reporters.JUnitReportReporter -->
<testsuite skipped="0" hostname="LAPTOP-DKIAAQ84" name="practice.SearchProductByQtyOrUnitTest" tests="1" failures="0" timestamp="2022-01-20T10:17:38 IST" time="15.911" errors="0">
  <testcase name="productByQtyOrUnit" time="15.911" classname="practice.SearchProductByQtyOrUnitTest"/>
  <system-out/>
</testsuite> <!-- practice.SearchProductByQtyOrUnitTest -->
