<?xml version="1.0" encoding="UTF-8"?>
<!-- Generated by org.testng.reporters.JUnitReportReporter -->
<testsuite skipped="0" hostname="LAPTOP-DKIAAQ84" name="practice.SearchProductByCommisionRateTest" tests="1" failures="0" timestamp="2022-01-19T10:33:54 IST" time="17.470" errors="0">
  <testcase name="productByCommisionRate" time="17.470" classname="practice.SearchProductByCommisionRateTest"/>
  <system-out/>
</testsuite> <!-- practice.SearchProductByCommisionRateTest -->
