<?xml version="1.0" encoding="UTF-8"?>
<!-- Generated by org.testng.reporters.JUnitReportReporter -->
<testsuite skipped="0" hostname="LAPTOP-DKIAAQ84" name="practice.SearchProductByUnitPriceTest" tests="1" failures="0" timestamp="2022-01-18T17:38:56 IST" time="12.720" errors="0">
  <testcase name="productByUnitPrice" time="12.720" classname="practice.SearchProductByUnitPriceTest"/>
  <system-out/>
</testsuite> <!-- practice.SearchProductByUnitPriceTest -->
