<?xml version="1.0" encoding="UTF-8"?>
<!-- Generated by org.testng.reporters.JUnitXMLReporter -->
<testsuite hostname="LAPTOP-DKIAAQ84" ignored="0" name="Test-runner-2" tests="1" failures="0" timestamp="2022-01-19T10:33:33 IST" time="26.597" errors="0">
  <testcase name="productByQtyInStock" time="12.69" classname="practice.SearchProductByQtyInStockTest"/>
</testsuite> <!-- Test-runner-2 -->
