<?xml version="1.0" encoding="UTF-8"?>
<!-- Generated by org.testng.reporters.JUnitXMLReporter -->
<testsuite hostname="LAPTOP-DKIAAQ84" ignored="2" name="Test-runner-1" tests="2" failures="0" timestamp="2022-01-19T10:33:54 IST" time="47.465" errors="0">
  <testcase name="productByQtyInStock" time="12.685" classname="practice.SearchProductByQtyInStockTest"/>
  <testcase name="productByCommisionRate" time="12.672" classname="practice.SearchProductByCommisionRateTest"/>
  <testcase name="@BeforeSuite configBs" time="0.0" classname="genericUtility.BaseClass">
    <ignored/>
  </testcase> <!-- @BeforeSuite configBs -->
  <testcase name="@AfterSuite configAs" time="0.0" classname="genericUtility.BaseClass">
    <ignored/>
  </testcase> <!-- @AfterSuite configAs -->
</testsuite> <!-- Test-runner-1 -->
